<?xml version="1.0" encoding="UTF-8"?>
<!-- Generated by org.testng.reporters.JUnitReportReporter -->
<testsuite hostname="DESKTOP-G6CKAHV" failures="0" tests="1" name="testpackage.TestActiTimeValidLogin" time="6.858" errors="0" timestamp="2022-06-12T12:23:39 IST" skipped="0">
  <testcase classname="testpackage.TestActiTimeValidLogin" name="ActiTimeValidLogout" time="6.858"/>
  <system-out/>
</testsuite> <!-- testpackage.TestActiTimeValidLogin -->
