<?xml version="1.0" encoding="UTF-8"?>
<!-- Generated by org.testng.reporters.JUnitReportReporter -->
<testsuite hostname="DESKTOP-G6CKAHV" failures="0" tests="1" name="testpackage.TestActiTimeSettingsDropdown" time="9.737" errors="0" timestamp="2022-06-13T21:30:22 IST" skipped="0">
  <testcase classname="testpackage.TestActiTimeSettingsDropdown" name="testSettingsDropdown" time="9.737"/>
  <system-out>
    <![CDATA[-- custom name --
Client
Customer
Product
Product Line
Project]]>
  </system-out>
</testsuite> <!-- testpackage.TestActiTimeSettingsDropdown -->
