<?xml version="1.0" encoding="UTF-8"?>
<!-- Generated by org.testng.reporters.JUnitReportReporter -->
<testsuite hostname="DESKTOP-G6CKAHV" failures="0" tests="1" name="testpackage.TestActiTimeLogout" time="8.993" errors="0" timestamp="2022-06-12T12:37:32 IST" skipped="0">
  <testcase classname="testpackage.TestActiTimeLogout" name="ActiTimeLogout" time="8.993"/>
  <system-out/>
</testsuite> <!-- testpackage.TestActiTimeLogout -->
